<?xml version="1.0" encoding="UTF-8"?>
<!-- Generated by org.testng.reporters.JUnitXMLReporter -->
<testsuite hostname="L-185012445" name="First " tests="1" failures="0" timestamp="19 Mar 2018 23:58:54 GMT" time="0.37" errors="0">
  <testcase name="@AfterClass tearDownClass" time="0.0" classname="main.MyRunner$RunCukesByFeatureAndCompositionTest1">
    <failure type="java.lang.AbstractMethodError" message="cucumber.runtime.java.JavaBackend.getSnippet(Lgherkin/formatter/model/Step;Lcucumber/runtime/snippets/FunctionNameGenerator;)Ljava/lang/String;">
      <![CDATA[java.lang.AbstractMethodError: cucumber.runtime.java.JavaBackend.getSnippet(Lgherkin/formatter/model/Step;Lcucumber/runtime/snippets/FunctionNameGenerator;)Ljava/lang/String;
	at cucumber.runtime.UndefinedStepsTracker.getSnippets(UndefinedStepsTracker.java:32)
	at cucumber.runtime.Runtime.getSnippets(Runtime.java:194)
	at cucumber.runtime.DefaultSummaryPrinter.printSnippets(DefaultSummaryPrinter.java:36)
	at cucumber.runtime.DefaultSummaryPrinter.print(DefaultSummaryPrinter.java:21)
	at cucumber.runtime.Utils$1.call(Utils.java:40)
	at cucumber.runtime.Timeout.timeout(Timeout.java:16)
	at cucumber.runtime.Utils.invoke(Utils.java:34)
	at cucumber.runtime.RuntimeOptions$1.invoke(RuntimeOptions.java:294)
	at com.sun.proxy.$Proxy11.print(Unknown Source)
	at cucumber.runtime.Runtime.printSummary(Runtime.java:132)
	at cucumber.api.testng.TestNGCucumberRunner.finish(TestNGCucumberRunner.java:78)
	at main.MyRunner$RunCukesByFeatureAndCompositionTest1.tearDownClass(MyRunner.java:42)
	at java.util.concurrent.FutureTask.run(Unknown Source)
	at java.util.concurrent.ThreadPoolExecutor.runWorker(Unknown Source)
	at java.util.concurrent.ThreadPoolExecutor$Worker.run(Unknown Source)
	at java.lang.Thread.run(Unknown Source)
... Removed 20 stack frames]]>
    </failure>
  </testcase> <!-- @AfterClass tearDownClass -->
  <testcase name="feature" time="0.018" classname="main.MyRunner$RunCukesByFeatureAndCompositionTest1"/>
</testsuite> <!-- First  -->
